# JRE version: OpenJDK Runtime Environment (17.0.11) (build 17.0.11+0--11852314)
# Java VM: OpenJDK 64-Bit Server VM (17.0.11+0--11852314, mixed mode, tiered, compressed oops, compressed class ptrs, g1 gc, windows-amd64)
GC Precious Log:
 CPUs: 6 total, 6 available
 Memory: 7549M
 Large Page Support: Disabled
 NUMA Support: Disabled
 Compressed Oops: Enabled (32-bit)
 Heap Region Size: 1M
 Heap Min Capacity: 8M
 Heap Initial Capacity: 118M
 Heap Max Capacity: 2G
 Pre-touch: Disabled
 Parallel Workers: 6
 Concurrent Workers: 2
 Concurrent Refinement Workers: 6
 Periodic GC: Disabled
Heap:
 garbage-first heap   total 481280K, used 274073K [0x0000000080000000, 0x0000000100000000)
  region size 1024K, 96 young (98304K), 7 survivors (7168K)
 Metaspace       used 181211K, committed 183616K, reserved 1245184K
  class space    used 23555K, committed 24704K, reserved 1048576K
GC Heap History (20 events):
Event: 5687.395 GC heap before
{Heap before GC invocations=139 (full 0):
 garbage-first heap   total 811008K, used 401677K [0x0000000080000000, 0x0000000100000000)
  region size 1024K, 29 young (29696K), 8 survivors (8192K)
 Metaspace       used 175621K, committed 178048K, reserved 1245184K
  class space    used 22862K, committed 24064K, reserved 1048576K
}
Event: 5692.636 GC heap after
{Heap after GC invocations=140 (full 1):
 garbage-first heap   total 413696K, used 121255K [0x0000000080000000, 0x0000000100000000)
  region size 1024K, 0 young (0K), 0 survivors (0K)
 Metaspace       used 175615K, committed 178048K, reserved 1245184K
  class space    used 22861K, committed 24064K, reserved 1048576K
}
Event: 6223.048 GC heap before
{Heap before GC invocations=140 (full 1):
 garbage-first heap   total 413696K, used 224679K [0x0000000080000000, 0x0000000100000000)
  region size 1024K, 102 young (104448K), 0 survivors (0K)
 Metaspace       used 180719K, committed 183168K, reserved 1245184K
  class space    used 23530K, committed 24704K, reserved 1048576K
}
Event: 6223.133 GC heap after
{Heap after GC invocations=141 (full 1):
 garbage-first heap   total 413696K, used 133227K [0x0000000080000000, 0x0000000100000000)
  region size 1024K, 12 young (12288K), 12 survivors (12288K)
 Metaspace       used 180719K, committed 183168K, reserved 1245184K
  class space    used 23530K, committed 24704K, reserved 1048576K
}
Event: 6223.855 GC heap before
{Heap before GC invocations=141 (full 1):
 garbage-first heap   total 413696K, used 195691K [0x0000000080000000, 0x0000000100000000)
  region size 1024K, 64 young (65536K), 12 survivors (12288K)
 Metaspace       used 180748K, committed 183168K, reserved 1245184K
  class space    used 23534K, committed 24704K, reserved 1048576K
}
Event: 6223.921 GC heap after
{Heap after GC invocations=142 (full 1):
 garbage-first heap   total 413696K, used 160692K [0x0000000080000000, 0x0000000100000000)
  region size 1024K, 19 young (19456K), 19 survivors (19456K)
 Metaspace       used 180748K, committed 183168K, reserved 1245184K
  class space    used 23534K, committed 24704K, reserved 1048576K
}
Event: 6228.782 GC heap before
{Heap before GC invocations=143 (full 1):
 garbage-first heap   total 413696K, used 243636K [0x0000000080000000, 0x0000000100000000)
  region size 1024K, 99 young (101376K), 19 survivors (19456K)
 Metaspace       used 180744K, committed 183168K, reserved 1245184K
  class space    used 23530K, committed 24704K, reserved 1048576K
}
Event: 6228.853 GC heap after
{Heap after GC invocations=144 (full 1):
 garbage-first heap   total 413696K, used 152768K [0x0000000080000000, 0x0000000100000000)
  region size 1024K, 7 young (7168K), 7 survivors (7168K)
 Metaspace       used 180744K, committed 183168K, reserved 1245184K
  class space    used 23530K, committed 24704K, reserved 1048576K
}
Event: 6228.918 GC heap before
{Heap before GC invocations=144 (full 1):
 garbage-first heap   total 413696K, used 166080K [0x0000000080000000, 0x0000000100000000)
  region size 1024K, 20 young (20480K), 7 survivors (7168K)
 Metaspace       used 180744K, committed 183168K, reserved 1245184K
  class space    used 23530K, committed 24704K, reserved 1048576K
}
Event: 6228.929 GC heap after
{Heap after GC invocations=145 (full 1):
 garbage-first heap   total 413696K, used 153956K [0x0000000080000000, 0x0000000100000000)
  region size 1024K, 2 young (2048K), 2 survivors (2048K)
 Metaspace       used 180744K, committed 183168K, reserved 1245184K
  class space    used 23530K, committed 24704K, reserved 1048576K
}
Event: 6235.359 GC heap before
{Heap before GC invocations=145 (full 1):
 garbage-first heap   total 413696K, used 292196K [0x0000000080000000, 0x0000000100000000)
  region size 1024K, 136 young (139264K), 2 survivors (2048K)
 Metaspace       used 180770K, committed 183168K, reserved 1245184K
  class space    used 23530K, committed 24704K, reserved 1048576K
}
Event: 6235.400 GC heap after
{Heap after GC invocations=146 (full 1):
 garbage-first heap   total 481280K, used 173929K [0x0000000080000000, 0x0000000100000000)
  region size 1024K, 17 young (17408K), 17 survivors (17408K)
 Metaspace       used 180770K, committed 183168K, reserved 1245184K
  class space    used 23530K, committed 24704K, reserved 1048576K
}
Event: 6236.045 GC heap before
{Heap before GC invocations=146 (full 1):
 garbage-first heap   total 481280K, used 348009K [0x0000000080000000, 0x0000000100000000)
  region size 1024K, 182 young (186368K), 17 survivors (17408K)
 Metaspace       used 180831K, committed 183232K, reserved 1245184K
  class space    used 23530K, committed 24704K, reserved 1048576K
}
Event: 6236.080 GC heap after
{Heap after GC invocations=147 (full 1):
 garbage-first heap   total 481280K, used 170344K [0x0000000080000000, 0x0000000100000000)
  region size 1024K, 3 young (3072K), 3 survivors (3072K)
 Metaspace       used 180831K, committed 183232K, reserved 1245184K
  class space    used 23530K, committed 24704K, reserved 1048576K
}
Event: 6328.383 GC heap before
{Heap before GC invocations=148 (full 1):
 garbage-first heap   total 481280K, used 369000K [0x0000000080000000, 0x0000000100000000)
  region size 1024K, 185 young (189440K), 3 survivors (3072K)
 Metaspace       used 181063K, committed 183488K, reserved 1245184K
  class space    used 23553K, committed 24704K, reserved 1048576K
}
Event: 6328.429 GC heap after
{Heap after GC invocations=149 (full 1):
 garbage-first heap   total 481280K, used 167582K [0x0000000080000000, 0x0000000100000000)
  region size 1024K, 10 young (10240K), 10 survivors (10240K)
 Metaspace       used 181063K, committed 183488K, reserved 1245184K
  class space    used 23553K, committed 24704K, reserved 1048576K
}
Event: 6328.532 GC heap before
{Heap before GC invocations=149 (full 1):
 garbage-first heap   total 481280K, used 180894K [0x0000000080000000, 0x0000000100000000)
  region size 1024K, 23 young (23552K), 10 survivors (10240K)
 Metaspace       used 181066K, committed 183488K, reserved 1245184K
  class space    used 23553K, committed 24704K, reserved 1048576K
}
Event: 6328.556 GC heap after
{Heap after GC invocations=150 (full 1):
 garbage-first heap   total 481280K, used 166253K [0x0000000080000000, 0x0000000100000000)
  region size 1024K, 2 young (2048K), 2 survivors (2048K)
 Metaspace       used 181066K, committed 183488K, reserved 1245184K
  class space    used 23553K, committed 24704K, reserved 1048576K
}
Event: 6331.699 GC heap before
{Heap before GC invocations=150 (full 1):
 garbage-first heap   total 481280K, used 296301K [0x0000000080000000, 0x0000000100000000)
  region size 1024K, 119 young (121856K), 2 survivors (2048K)
 Metaspace       used 181130K, committed 183552K, reserved 1245184K
  class space    used 23553K, committed 24704K, reserved 1048576K
}
Event: 6331.710 GC heap after
{Heap after GC invocations=151 (full 1):
 garbage-first heap   total 481280K, used 182937K [0x0000000080000000, 0x0000000100000000)
  region size 1024K, 7 young (7168K), 7 survivors (7168K)
 Metaspace       used 181130K, committed 183552K, reserved 1245184K
  class space    used 23553K, committed 24704K, reserved 1048576K
}

